<?xml version="1.0" encoding="UTF-8"?>
<!-- Generated by org.testng.reporters.JUnitReportReporter -->
<testsuite hostname="KARTHIK" failures="0" tests="1" name="org.scriptsRunner.HealthSync.MavenExampleScript" time="3.139" errors="0" timestamp="2024-12-19T18:31:10 IST" skipped="0">
  <testcase classname="org.scriptsRunner.HealthSync.MavenExampleScript" name="run" time="3.139"/>
</testsuite> <!-- org.scriptsRunner.HealthSync.MavenExampleScript -->
